00:53:37,608  INFO XmlConfigurationProvider:42 - Parsing configuration file [struts-default.xml]
00:53:37,668  INFO XmlConfigurationProvider:42 - Unable to locate configuration files of the name struts-plugin.xml, skipping
00:53:37,668  INFO XmlConfigurationProvider:42 - Parsing configuration file [struts-plugin.xml]
00:53:37,674  INFO XmlConfigurationProvider:42 - Parsing configuration file [struts.xml]
00:53:37,677  INFO BeanSelectionProvider:42 - Choosing bean (struts) for (com.opensymphony.xwork2.ObjectFactory)
00:53:37,677  INFO BeanSelectionProvider:42 - Choosing bean (struts) for (com.opensymphony.xwork2.FileManagerFactory)
00:53:37,677  INFO BeanSelectionProvider:42 - Choosing bean (struts) for (com.opensymphony.xwork2.conversion.impl.XWorkConverter)
00:53:37,678  INFO BeanSelectionProvider:42 - Choosing bean (struts) for (com.opensymphony.xwork2.conversion.impl.CollectionConverter)
00:53:37,678  INFO BeanSelectionProvider:42 - Choosing bean (struts) for (com.opensymphony.xwork2.conversion.impl.ArrayConverter)
00:53:37,678  INFO BeanSelectionProvider:42 - Choosing bean (struts) for (com.opensymphony.xwork2.conversion.impl.DateConverter)
00:53:37,678  INFO BeanSelectionProvider:42 - Choosing bean (struts) for (com.opensymphony.xwork2.conversion.impl.NumberConverter)
00:53:37,679  INFO BeanSelectionProvider:42 - Choosing bean (struts) for (com.opensymphony.xwork2.conversion.impl.StringConverter)
00:53:37,679  INFO BeanSelectionProvider:42 - Choosing bean (struts) for (com.opensymphony.xwork2.conversion.ConversionPropertiesProcessor)
00:53:37,679  INFO BeanSelectionProvider:42 - Choosing bean (struts) for (com.opensymphony.xwork2.conversion.ConversionFileProcessor)
00:53:37,679  INFO BeanSelectionProvider:42 - Choosing bean (struts) for (com.opensymphony.xwork2.conversion.ConversionAnnotationProcessor)
00:53:37,679  INFO BeanSelectionProvider:42 - Choosing bean (struts) for (com.opensymphony.xwork2.conversion.TypeConverterCreator)
00:53:37,679  INFO BeanSelectionProvider:42 - Choosing bean (struts) for (com.opensymphony.xwork2.conversion.TypeConverterHolder)
00:53:37,680  INFO BeanSelectionProvider:42 - Choosing bean (struts) for (com.opensymphony.xwork2.TextProvider)
00:53:37,680  INFO BeanSelectionProvider:42 - Choosing bean (struts) for (com.opensymphony.xwork2.LocaleProvider)
00:53:37,680  INFO BeanSelectionProvider:42 - Choosing bean (struts) for (com.opensymphony.xwork2.ActionProxyFactory)
00:53:37,680  INFO BeanSelectionProvider:42 - Choosing bean (struts) for (com.opensymphony.xwork2.conversion.ObjectTypeDeterminer)
00:53:37,680  INFO BeanSelectionProvider:42 - Choosing bean (struts) for (org.apache.struts2.dispatcher.mapper.ActionMapper)
00:53:37,680  INFO BeanSelectionProvider:42 - Choosing bean (jakarta) for (org.apache.struts2.dispatcher.multipart.MultiPartRequest)
00:53:37,681  INFO BeanSelectionProvider:42 - Choosing bean (struts) for (org.apache.struts2.views.freemarker.FreemarkerManager)
00:53:37,681  INFO BeanSelectionProvider:42 - Choosing bean (struts) for (org.apache.struts2.components.UrlRenderer)
00:53:37,682  INFO BeanSelectionProvider:42 - Choosing bean (struts) for (com.opensymphony.xwork2.validator.ActionValidatorManager)
00:53:37,682  INFO BeanSelectionProvider:42 - Choosing bean (struts) for (com.opensymphony.xwork2.util.ValueStackFactory)
00:53:37,682  INFO BeanSelectionProvider:42 - Choosing bean (struts) for (com.opensymphony.xwork2.util.reflection.ReflectionProvider)
00:53:37,682  INFO BeanSelectionProvider:42 - Choosing bean (struts) for (com.opensymphony.xwork2.util.reflection.ReflectionContextFactory)
00:53:37,682  INFO BeanSelectionProvider:42 - Choosing bean (struts) for (com.opensymphony.xwork2.util.PatternMatcher)
00:53:37,683  INFO BeanSelectionProvider:42 - Choosing bean (struts) for (org.apache.struts2.dispatcher.StaticContentLoader)
00:53:37,683  INFO BeanSelectionProvider:42 - Choosing bean (struts) for (com.opensymphony.xwork2.UnknownHandlerManager)
00:53:37,683  INFO BeanSelectionProvider:42 - Choosing bean (struts) for (org.apache.struts2.views.util.UrlHelper)
00:53:37,683  INFO BeanSelectionProvider:42 - Choosing bean (struts) for (com.opensymphony.xwork2.util.TextParser)
00:54:39,055  INFO XmlConfigurationProvider:42 - Parsing configuration file [struts-default.xml]
00:54:39,106  INFO XmlConfigurationProvider:42 - Unable to locate configuration files of the name struts-plugin.xml, skipping
00:54:39,106  INFO XmlConfigurationProvider:42 - Parsing configuration file [struts-plugin.xml]
00:54:39,110  INFO XmlConfigurationProvider:42 - Parsing configuration file [struts.xml]
00:54:39,113  INFO BeanSelectionProvider:42 - Choosing bean (struts) for (com.opensymphony.xwork2.ObjectFactory)
00:54:39,113  INFO BeanSelectionProvider:42 - Choosing bean (struts) for (com.opensymphony.xwork2.FileManagerFactory)
00:54:39,113  INFO BeanSelectionProvider:42 - Choosing bean (struts) for (com.opensymphony.xwork2.conversion.impl.XWorkConverter)
00:54:39,113  INFO BeanSelectionProvider:42 - Choosing bean (struts) for (com.opensymphony.xwork2.conversion.impl.CollectionConverter)
00:54:39,113  INFO BeanSelectionProvider:42 - Choosing bean (struts) for (com.opensymphony.xwork2.conversion.impl.ArrayConverter)
00:54:39,114  INFO BeanSelectionProvider:42 - Choosing bean (struts) for (com.opensymphony.xwork2.conversion.impl.DateConverter)
00:54:39,114  INFO BeanSelectionProvider:42 - Choosing bean (struts) for (com.opensymphony.xwork2.conversion.impl.NumberConverter)
00:54:39,114  INFO BeanSelectionProvider:42 - Choosing bean (struts) for (com.opensymphony.xwork2.conversion.impl.StringConverter)
00:54:39,114  INFO BeanSelectionProvider:42 - Choosing bean (struts) for (com.opensymphony.xwork2.conversion.ConversionPropertiesProcessor)
00:54:39,114  INFO BeanSelectionProvider:42 - Choosing bean (struts) for (com.opensymphony.xwork2.conversion.ConversionFileProcessor)
00:54:39,114  INFO BeanSelectionProvider:42 - Choosing bean (struts) for (com.opensymphony.xwork2.conversion.ConversionAnnotationProcessor)
00:54:39,114  INFO BeanSelectionProvider:42 - Choosing bean (struts) for (com.opensymphony.xwork2.conversion.TypeConverterCreator)
00:54:39,115  INFO BeanSelectionProvider:42 - Choosing bean (struts) for (com.opensymphony.xwork2.conversion.TypeConverterHolder)
00:54:39,115  INFO BeanSelectionProvider:42 - Choosing bean (struts) for (com.opensymphony.xwork2.TextProvider)
00:54:39,115  INFO BeanSelectionProvider:42 - Choosing bean (struts) for (com.opensymphony.xwork2.LocaleProvider)
00:54:39,115  INFO BeanSelectionProvider:42 - Choosing bean (struts) for (com.opensymphony.xwork2.ActionProxyFactory)
00:54:39,115  INFO BeanSelectionProvider:42 - Choosing bean (struts) for (com.opensymphony.xwork2.conversion.ObjectTypeDeterminer)
00:54:39,115  INFO BeanSelectionProvider:42 - Choosing bean (struts) for (org.apache.struts2.dispatcher.mapper.ActionMapper)
00:54:39,116  INFO BeanSelectionProvider:42 - Choosing bean (jakarta) for (org.apache.struts2.dispatcher.multipart.MultiPartRequest)
00:54:39,116  INFO BeanSelectionProvider:42 - Choosing bean (struts) for (org.apache.struts2.views.freemarker.FreemarkerManager)
00:54:39,117  INFO BeanSelectionProvider:42 - Choosing bean (struts) for (org.apache.struts2.components.UrlRenderer)
00:54:39,117  INFO BeanSelectionProvider:42 - Choosing bean (struts) for (com.opensymphony.xwork2.validator.ActionValidatorManager)
00:54:39,117  INFO BeanSelectionProvider:42 - Choosing bean (struts) for (com.opensymphony.xwork2.util.ValueStackFactory)
00:54:39,117  INFO BeanSelectionProvider:42 - Choosing bean (struts) for (com.opensymphony.xwork2.util.reflection.ReflectionProvider)
00:54:39,118  INFO BeanSelectionProvider:42 - Choosing bean (struts) for (com.opensymphony.xwork2.util.reflection.ReflectionContextFactory)
00:54:39,118  INFO BeanSelectionProvider:42 - Choosing bean (struts) for (com.opensymphony.xwork2.util.PatternMatcher)
00:54:39,118  INFO BeanSelectionProvider:42 - Choosing bean (struts) for (org.apache.struts2.dispatcher.StaticContentLoader)
00:54:39,118  INFO BeanSelectionProvider:42 - Choosing bean (struts) for (com.opensymphony.xwork2.UnknownHandlerManager)
00:54:39,119  INFO BeanSelectionProvider:42 - Choosing bean (struts) for (org.apache.struts2.views.util.UrlHelper)
00:54:39,119  INFO BeanSelectionProvider:42 - Choosing bean (struts) for (com.opensymphony.xwork2.util.TextParser)
00:59:25,552  INFO XmlConfigurationProvider:42 - Parsing configuration file [struts-default.xml]
00:59:25,614  INFO XmlConfigurationProvider:42 - Unable to locate configuration files of the name struts-plugin.xml, skipping
00:59:25,614  INFO XmlConfigurationProvider:42 - Parsing configuration file [struts-plugin.xml]
00:59:25,622  INFO XmlConfigurationProvider:42 - Parsing configuration file [struts.xml]
00:59:25,625  INFO BeanSelectionProvider:42 - Choosing bean (struts) for (com.opensymphony.xwork2.ObjectFactory)
00:59:25,625  INFO BeanSelectionProvider:42 - Choosing bean (struts) for (com.opensymphony.xwork2.FileManagerFactory)
00:59:25,626  INFO BeanSelectionProvider:42 - Choosing bean (struts) for (com.opensymphony.xwork2.conversion.impl.XWorkConverter)
00:59:25,626  INFO BeanSelectionProvider:42 - Choosing bean (struts) for (com.opensymphony.xwork2.conversion.impl.CollectionConverter)
00:59:25,626  INFO BeanSelectionProvider:42 - Choosing bean (struts) for (com.opensymphony.xwork2.conversion.impl.ArrayConverter)
00:59:25,626  INFO BeanSelectionProvider:42 - Choosing bean (struts) for (com.opensymphony.xwork2.conversion.impl.DateConverter)
00:59:25,627  INFO BeanSelectionProvider:42 - Choosing bean (struts) for (com.opensymphony.xwork2.conversion.impl.NumberConverter)
00:59:25,627  INFO BeanSelectionProvider:42 - Choosing bean (struts) for (com.opensymphony.xwork2.conversion.impl.StringConverter)
00:59:25,627  INFO BeanSelectionProvider:42 - Choosing bean (struts) for (com.opensymphony.xwork2.conversion.ConversionPropertiesProcessor)
00:59:25,627  INFO BeanSelectionProvider:42 - Choosing bean (struts) for (com.opensymphony.xwork2.conversion.ConversionFileProcessor)
00:59:25,627  INFO BeanSelectionProvider:42 - Choosing bean (struts) for (com.opensymphony.xwork2.conversion.ConversionAnnotationProcessor)
00:59:25,628  INFO BeanSelectionProvider:42 - Choosing bean (struts) for (com.opensymphony.xwork2.conversion.TypeConverterCreator)
00:59:25,629  INFO BeanSelectionProvider:42 - Choosing bean (struts) for (com.opensymphony.xwork2.conversion.TypeConverterHolder)
00:59:25,629  INFO BeanSelectionProvider:42 - Choosing bean (struts) for (com.opensymphony.xwork2.TextProvider)
00:59:25,630  INFO BeanSelectionProvider:42 - Choosing bean (struts) for (com.opensymphony.xwork2.LocaleProvider)
00:59:25,630  INFO BeanSelectionProvider:42 - Choosing bean (struts) for (com.opensymphony.xwork2.ActionProxyFactory)
00:59:25,631  INFO BeanSelectionProvider:42 - Choosing bean (struts) for (com.opensymphony.xwork2.conversion.ObjectTypeDeterminer)
00:59:25,631  INFO BeanSelectionProvider:42 - Choosing bean (struts) for (org.apache.struts2.dispatcher.mapper.ActionMapper)
00:59:25,631  INFO BeanSelectionProvider:42 - Choosing bean (jakarta) for (org.apache.struts2.dispatcher.multipart.MultiPartRequest)
00:59:25,631  INFO BeanSelectionProvider:42 - Choosing bean (struts) for (org.apache.struts2.views.freemarker.FreemarkerManager)
00:59:25,633  INFO BeanSelectionProvider:42 - Choosing bean (struts) for (org.apache.struts2.components.UrlRenderer)
00:59:25,633  INFO BeanSelectionProvider:42 - Choosing bean (struts) for (com.opensymphony.xwork2.validator.ActionValidatorManager)
00:59:25,633  INFO BeanSelectionProvider:42 - Choosing bean (struts) for (com.opensymphony.xwork2.util.ValueStackFactory)
00:59:25,633  INFO BeanSelectionProvider:42 - Choosing bean (struts) for (com.opensymphony.xwork2.util.reflection.ReflectionProvider)
00:59:25,634  INFO BeanSelectionProvider:42 - Choosing bean (struts) for (com.opensymphony.xwork2.util.reflection.ReflectionContextFactory)
00:59:25,634  INFO BeanSelectionProvider:42 - Choosing bean (struts) for (com.opensymphony.xwork2.util.PatternMatcher)
00:59:25,634  INFO BeanSelectionProvider:42 - Choosing bean (struts) for (org.apache.struts2.dispatcher.StaticContentLoader)
00:59:25,634  INFO BeanSelectionProvider:42 - Choosing bean (struts) for (com.opensymphony.xwork2.UnknownHandlerManager)
00:59:25,634  INFO BeanSelectionProvider:42 - Choosing bean (struts) for (org.apache.struts2.views.util.UrlHelper)
00:59:25,635  INFO BeanSelectionProvider:42 - Choosing bean (struts) for (com.opensymphony.xwork2.util.TextParser)
00:59:26,830  INFO XmlConfigurationProvider:42 - Parsing configuration file [struts-default.xml]
00:59:26,895  INFO XmlConfigurationProvider:42 - Unable to locate configuration files of the name struts-plugin.xml, skipping
00:59:26,895  INFO XmlConfigurationProvider:42 - Parsing configuration file [struts-plugin.xml]
00:59:26,900  INFO XmlConfigurationProvider:42 - Parsing configuration file [struts.xml]
00:59:26,902  INFO BeanSelectionProvider:42 - Choosing bean (struts) for (com.opensymphony.xwork2.ObjectFactory)
00:59:26,903  INFO BeanSelectionProvider:42 - Choosing bean (struts) for (com.opensymphony.xwork2.FileManagerFactory)
00:59:26,903  INFO BeanSelectionProvider:42 - Choosing bean (struts) for (com.opensymphony.xwork2.conversion.impl.XWorkConverter)
00:59:26,903  INFO BeanSelectionProvider:42 - Choosing bean (struts) for (com.opensymphony.xwork2.conversion.impl.CollectionConverter)
00:59:26,903  INFO BeanSelectionProvider:42 - Choosing bean (struts) for (com.opensymphony.xwork2.conversion.impl.ArrayConverter)
00:59:26,903  INFO BeanSelectionProvider:42 - Choosing bean (struts) for (com.opensymphony.xwork2.conversion.impl.DateConverter)
00:59:26,903  INFO BeanSelectionProvider:42 - Choosing bean (struts) for (com.opensymphony.xwork2.conversion.impl.NumberConverter)
00:59:26,903  INFO BeanSelectionProvider:42 - Choosing bean (struts) for (com.opensymphony.xwork2.conversion.impl.StringConverter)
00:59:26,904  INFO BeanSelectionProvider:42 - Choosing bean (struts) for (com.opensymphony.xwork2.conversion.ConversionPropertiesProcessor)
00:59:26,904  INFO BeanSelectionProvider:42 - Choosing bean (struts) for (com.opensymphony.xwork2.conversion.ConversionFileProcessor)
00:59:26,904  INFO BeanSelectionProvider:42 - Choosing bean (struts) for (com.opensymphony.xwork2.conversion.ConversionAnnotationProcessor)
00:59:26,904  INFO BeanSelectionProvider:42 - Choosing bean (struts) for (com.opensymphony.xwork2.conversion.TypeConverterCreator)
00:59:26,904  INFO BeanSelectionProvider:42 - Choosing bean (struts) for (com.opensymphony.xwork2.conversion.TypeConverterHolder)
00:59:26,904  INFO BeanSelectionProvider:42 - Choosing bean (struts) for (com.opensymphony.xwork2.TextProvider)
00:59:26,904  INFO BeanSelectionProvider:42 - Choosing bean (struts) for (com.opensymphony.xwork2.LocaleProvider)
00:59:26,904  INFO BeanSelectionProvider:42 - Choosing bean (struts) for (com.opensymphony.xwork2.ActionProxyFactory)
00:59:26,905  INFO BeanSelectionProvider:42 - Choosing bean (struts) for (com.opensymphony.xwork2.conversion.ObjectTypeDeterminer)
00:59:26,905  INFO BeanSelectionProvider:42 - Choosing bean (struts) for (org.apache.struts2.dispatcher.mapper.ActionMapper)
00:59:26,905  INFO BeanSelectionProvider:42 - Choosing bean (jakarta) for (org.apache.struts2.dispatcher.multipart.MultiPartRequest)
00:59:26,905  INFO BeanSelectionProvider:42 - Choosing bean (struts) for (org.apache.struts2.views.freemarker.FreemarkerManager)
00:59:26,906  INFO BeanSelectionProvider:42 - Choosing bean (struts) for (org.apache.struts2.components.UrlRenderer)
00:59:26,906  INFO BeanSelectionProvider:42 - Choosing bean (struts) for (com.opensymphony.xwork2.validator.ActionValidatorManager)
00:59:26,906  INFO BeanSelectionProvider:42 - Choosing bean (struts) for (com.opensymphony.xwork2.util.ValueStackFactory)
00:59:26,907  INFO BeanSelectionProvider:42 - Choosing bean (struts) for (com.opensymphony.xwork2.util.reflection.ReflectionProvider)
00:59:26,907  INFO BeanSelectionProvider:42 - Choosing bean (struts) for (com.opensymphony.xwork2.util.reflection.ReflectionContextFactory)
00:59:26,907  INFO BeanSelectionProvider:42 - Choosing bean (struts) for (com.opensymphony.xwork2.util.PatternMatcher)
00:59:26,907  INFO BeanSelectionProvider:42 - Choosing bean (struts) for (org.apache.struts2.dispatcher.StaticContentLoader)
00:59:26,907  INFO BeanSelectionProvider:42 - Choosing bean (struts) for (com.opensymphony.xwork2.UnknownHandlerManager)
00:59:26,907  INFO BeanSelectionProvider:42 - Choosing bean (struts) for (org.apache.struts2.views.util.UrlHelper)
00:59:26,907  INFO BeanSelectionProvider:42 - Choosing bean (struts) for (com.opensymphony.xwork2.util.TextParser)
01:00:18,886  INFO XmlConfigurationProvider:42 - Parsing configuration file [struts-default.xml]
01:00:18,977  INFO XmlConfigurationProvider:42 - Unable to locate configuration files of the name struts-plugin.xml, skipping
01:00:18,977  INFO XmlConfigurationProvider:42 - Parsing configuration file [struts-plugin.xml]
01:00:18,985  INFO XmlConfigurationProvider:42 - Parsing configuration file [struts.xml]
01:00:18,988  INFO BeanSelectionProvider:42 - Choosing bean (struts) for (com.opensymphony.xwork2.ObjectFactory)
01:00:18,988  INFO BeanSelectionProvider:42 - Choosing bean (struts) for (com.opensymphony.xwork2.FileManagerFactory)
01:00:18,989  INFO BeanSelectionProvider:42 - Choosing bean (struts) for (com.opensymphony.xwork2.conversion.impl.XWorkConverter)
01:00:18,989  INFO BeanSelectionProvider:42 - Choosing bean (struts) for (com.opensymphony.xwork2.conversion.impl.CollectionConverter)
01:00:18,989  INFO BeanSelectionProvider:42 - Choosing bean (struts) for (com.opensymphony.xwork2.conversion.impl.ArrayConverter)
01:00:18,989  INFO BeanSelectionProvider:42 - Choosing bean (struts) for (com.opensymphony.xwork2.conversion.impl.DateConverter)
01:00:18,989  INFO BeanSelectionProvider:42 - Choosing bean (struts) for (com.opensymphony.xwork2.conversion.impl.NumberConverter)
01:00:18,990  INFO BeanSelectionProvider:42 - Choosing bean (struts) for (com.opensymphony.xwork2.conversion.impl.StringConverter)
01:00:18,990  INFO BeanSelectionProvider:42 - Choosing bean (struts) for (com.opensymphony.xwork2.conversion.ConversionPropertiesProcessor)
01:00:18,990  INFO BeanSelectionProvider:42 - Choosing bean (struts) for (com.opensymphony.xwork2.conversion.ConversionFileProcessor)
01:00:18,990  INFO BeanSelectionProvider:42 - Choosing bean (struts) for (com.opensymphony.xwork2.conversion.ConversionAnnotationProcessor)
01:00:18,990  INFO BeanSelectionProvider:42 - Choosing bean (struts) for (com.opensymphony.xwork2.conversion.TypeConverterCreator)
01:00:18,991  INFO BeanSelectionProvider:42 - Choosing bean (struts) for (com.opensymphony.xwork2.conversion.TypeConverterHolder)
01:00:18,991  INFO BeanSelectionProvider:42 - Choosing bean (struts) for (com.opensymphony.xwork2.TextProvider)
01:00:18,991  INFO BeanSelectionProvider:42 - Choosing bean (struts) for (com.opensymphony.xwork2.LocaleProvider)
01:00:18,991  INFO BeanSelectionProvider:42 - Choosing bean (struts) for (com.opensymphony.xwork2.ActionProxyFactory)
01:00:18,991  INFO BeanSelectionProvider:42 - Choosing bean (struts) for (com.opensymphony.xwork2.conversion.ObjectTypeDeterminer)
01:00:18,991  INFO BeanSelectionProvider:42 - Choosing bean (struts) for (org.apache.struts2.dispatcher.mapper.ActionMapper)
01:00:18,992  INFO BeanSelectionProvider:42 - Choosing bean (jakarta) for (org.apache.struts2.dispatcher.multipart.MultiPartRequest)
01:00:18,992  INFO BeanSelectionProvider:42 - Choosing bean (struts) for (org.apache.struts2.views.freemarker.FreemarkerManager)
01:00:18,993  INFO BeanSelectionProvider:42 - Choosing bean (struts) for (org.apache.struts2.components.UrlRenderer)
01:00:18,993  INFO BeanSelectionProvider:42 - Choosing bean (struts) for (com.opensymphony.xwork2.validator.ActionValidatorManager)
01:00:18,993  INFO BeanSelectionProvider:42 - Choosing bean (struts) for (com.opensymphony.xwork2.util.ValueStackFactory)
01:00:18,993  INFO BeanSelectionProvider:42 - Choosing bean (struts) for (com.opensymphony.xwork2.util.reflection.ReflectionProvider)
01:00:18,994  INFO BeanSelectionProvider:42 - Choosing bean (struts) for (com.opensymphony.xwork2.util.reflection.ReflectionContextFactory)
01:00:18,994  INFO BeanSelectionProvider:42 - Choosing bean (struts) for (com.opensymphony.xwork2.util.PatternMatcher)
01:00:18,994  INFO BeanSelectionProvider:42 - Choosing bean (struts) for (org.apache.struts2.dispatcher.StaticContentLoader)
01:00:18,994  INFO BeanSelectionProvider:42 - Choosing bean (struts) for (com.opensymphony.xwork2.UnknownHandlerManager)
01:00:18,994  INFO BeanSelectionProvider:42 - Choosing bean (struts) for (org.apache.struts2.views.util.UrlHelper)
01:00:18,995  INFO BeanSelectionProvider:42 - Choosing bean (struts) for (com.opensymphony.xwork2.util.TextParser)
01:00:25,478  INFO XmlConfigurationProvider:42 - Parsing configuration file [struts-default.xml]
01:00:25,543  INFO XmlConfigurationProvider:42 - Unable to locate configuration files of the name struts-plugin.xml, skipping
01:00:25,543  INFO XmlConfigurationProvider:42 - Parsing configuration file [struts-plugin.xml]
01:00:25,550  INFO XmlConfigurationProvider:42 - Parsing configuration file [struts.xml]
01:00:25,553  INFO BeanSelectionProvider:42 - Choosing bean (struts) for (com.opensymphony.xwork2.ObjectFactory)
01:00:25,554  INFO BeanSelectionProvider:42 - Choosing bean (struts) for (com.opensymphony.xwork2.FileManagerFactory)
01:00:25,554  INFO BeanSelectionProvider:42 - Choosing bean (struts) for (com.opensymphony.xwork2.conversion.impl.XWorkConverter)
01:00:25,555  INFO BeanSelectionProvider:42 - Choosing bean (struts) for (com.opensymphony.xwork2.conversion.impl.CollectionConverter)
01:00:25,555  INFO BeanSelectionProvider:42 - Choosing bean (struts) for (com.opensymphony.xwork2.conversion.impl.ArrayConverter)
01:00:25,555  INFO BeanSelectionProvider:42 - Choosing bean (struts) for (com.opensymphony.xwork2.conversion.impl.DateConverter)
01:00:25,555  INFO BeanSelectionProvider:42 - Choosing bean (struts) for (com.opensymphony.xwork2.conversion.impl.NumberConverter)
01:00:25,556  INFO BeanSelectionProvider:42 - Choosing bean (struts) for (com.opensymphony.xwork2.conversion.impl.StringConverter)
01:00:25,556  INFO BeanSelectionProvider:42 - Choosing bean (struts) for (com.opensymphony.xwork2.conversion.ConversionPropertiesProcessor)
01:00:25,556  INFO BeanSelectionProvider:42 - Choosing bean (struts) for (com.opensymphony.xwork2.conversion.ConversionFileProcessor)
01:00:25,557  INFO BeanSelectionProvider:42 - Choosing bean (struts) for (com.opensymphony.xwork2.conversion.ConversionAnnotationProcessor)
01:00:25,557  INFO BeanSelectionProvider:42 - Choosing bean (struts) for (com.opensymphony.xwork2.conversion.TypeConverterCreator)
01:00:25,558  INFO BeanSelectionProvider:42 - Choosing bean (struts) for (com.opensymphony.xwork2.conversion.TypeConverterHolder)
01:00:25,559  INFO BeanSelectionProvider:42 - Choosing bean (struts) for (com.opensymphony.xwork2.TextProvider)
01:00:25,559  INFO BeanSelectionProvider:42 - Choosing bean (struts) for (com.opensymphony.xwork2.LocaleProvider)
01:00:25,559  INFO BeanSelectionProvider:42 - Choosing bean (struts) for (com.opensymphony.xwork2.ActionProxyFactory)
01:00:25,559  INFO BeanSelectionProvider:42 - Choosing bean (struts) for (com.opensymphony.xwork2.conversion.ObjectTypeDeterminer)
01:00:25,560  INFO BeanSelectionProvider:42 - Choosing bean (struts) for (org.apache.struts2.dispatcher.mapper.ActionMapper)
01:00:25,560  INFO BeanSelectionProvider:42 - Choosing bean (jakarta) for (org.apache.struts2.dispatcher.multipart.MultiPartRequest)
01:00:25,560  INFO BeanSelectionProvider:42 - Choosing bean (struts) for (org.apache.struts2.views.freemarker.FreemarkerManager)
01:00:25,561  INFO BeanSelectionProvider:42 - Choosing bean (struts) for (org.apache.struts2.components.UrlRenderer)
01:00:25,562  INFO BeanSelectionProvider:42 - Choosing bean (struts) for (com.opensymphony.xwork2.validator.ActionValidatorManager)
01:00:25,562  INFO BeanSelectionProvider:42 - Choosing bean (struts) for (com.opensymphony.xwork2.util.ValueStackFactory)
01:00:25,562  INFO BeanSelectionProvider:42 - Choosing bean (struts) for (com.opensymphony.xwork2.util.reflection.ReflectionProvider)
01:00:25,563  INFO BeanSelectionProvider:42 - Choosing bean (struts) for (com.opensymphony.xwork2.util.reflection.ReflectionContextFactory)
01:00:25,563  INFO BeanSelectionProvider:42 - Choosing bean (struts) for (com.opensymphony.xwork2.util.PatternMatcher)
01:00:25,563  INFO BeanSelectionProvider:42 - Choosing bean (struts) for (org.apache.struts2.dispatcher.StaticContentLoader)
01:00:25,564  INFO BeanSelectionProvider:42 - Choosing bean (struts) for (com.opensymphony.xwork2.UnknownHandlerManager)
01:00:25,564  INFO BeanSelectionProvider:42 - Choosing bean (struts) for (org.apache.struts2.views.util.UrlHelper)
01:00:25,565  INFO BeanSelectionProvider:42 - Choosing bean (struts) for (com.opensymphony.xwork2.util.TextParser)
01:00:26,767  INFO XmlConfigurationProvider:42 - Parsing configuration file [struts-default.xml]
01:00:26,828  INFO XmlConfigurationProvider:42 - Unable to locate configuration files of the name struts-plugin.xml, skipping
01:00:26,829  INFO XmlConfigurationProvider:42 - Parsing configuration file [struts-plugin.xml]
01:00:26,838  INFO XmlConfigurationProvider:42 - Parsing configuration file [struts.xml]
01:00:26,842  INFO BeanSelectionProvider:42 - Choosing bean (struts) for (com.opensymphony.xwork2.ObjectFactory)
01:00:26,843  INFO BeanSelectionProvider:42 - Choosing bean (struts) for (com.opensymphony.xwork2.FileManagerFactory)
01:00:26,843  INFO BeanSelectionProvider:42 - Choosing bean (struts) for (com.opensymphony.xwork2.conversion.impl.XWorkConverter)
01:00:26,843  INFO BeanSelectionProvider:42 - Choosing bean (struts) for (com.opensymphony.xwork2.conversion.impl.CollectionConverter)
01:00:26,843  INFO BeanSelectionProvider:42 - Choosing bean (struts) for (com.opensymphony.xwork2.conversion.impl.ArrayConverter)
01:00:26,843  INFO BeanSelectionProvider:42 - Choosing bean (struts) for (com.opensymphony.xwork2.conversion.impl.DateConverter)
01:00:26,844  INFO BeanSelectionProvider:42 - Choosing bean (struts) for (com.opensymphony.xwork2.conversion.impl.NumberConverter)
01:00:26,844  INFO BeanSelectionProvider:42 - Choosing bean (struts) for (com.opensymphony.xwork2.conversion.impl.StringConverter)
01:00:26,844  INFO BeanSelectionProvider:42 - Choosing bean (struts) for (com.opensymphony.xwork2.conversion.ConversionPropertiesProcessor)
01:00:26,844  INFO BeanSelectionProvider:42 - Choosing bean (struts) for (com.opensymphony.xwork2.conversion.ConversionFileProcessor)
01:00:26,845  INFO BeanSelectionProvider:42 - Choosing bean (struts) for (com.opensymphony.xwork2.conversion.ConversionAnnotationProcessor)
01:00:26,845  INFO BeanSelectionProvider:42 - Choosing bean (struts) for (com.opensymphony.xwork2.conversion.TypeConverterCreator)
01:00:26,845  INFO BeanSelectionProvider:42 - Choosing bean (struts) for (com.opensymphony.xwork2.conversion.TypeConverterHolder)
01:00:26,845  INFO BeanSelectionProvider:42 - Choosing bean (struts) for (com.opensymphony.xwork2.TextProvider)
01:00:26,845  INFO BeanSelectionProvider:42 - Choosing bean (struts) for (com.opensymphony.xwork2.LocaleProvider)
01:00:26,846  INFO BeanSelectionProvider:42 - Choosing bean (struts) for (com.opensymphony.xwork2.ActionProxyFactory)
01:00:26,846  INFO BeanSelectionProvider:42 - Choosing bean (struts) for (com.opensymphony.xwork2.conversion.ObjectTypeDeterminer)
01:00:26,846  INFO BeanSelectionProvider:42 - Choosing bean (struts) for (org.apache.struts2.dispatcher.mapper.ActionMapper)
01:00:26,846  INFO BeanSelectionProvider:42 - Choosing bean (jakarta) for (org.apache.struts2.dispatcher.multipart.MultiPartRequest)
01:00:26,846  INFO BeanSelectionProvider:42 - Choosing bean (struts) for (org.apache.struts2.views.freemarker.FreemarkerManager)
01:00:26,847  INFO BeanSelectionProvider:42 - Choosing bean (struts) for (org.apache.struts2.components.UrlRenderer)
01:00:26,848  INFO BeanSelectionProvider:42 - Choosing bean (struts) for (com.opensymphony.xwork2.validator.ActionValidatorManager)
01:00:26,849  INFO BeanSelectionProvider:42 - Choosing bean (struts) for (com.opensymphony.xwork2.util.ValueStackFactory)
01:00:26,849  INFO BeanSelectionProvider:42 - Choosing bean (struts) for (com.opensymphony.xwork2.util.reflection.ReflectionProvider)
01:00:26,849  INFO BeanSelectionProvider:42 - Choosing bean (struts) for (com.opensymphony.xwork2.util.reflection.ReflectionContextFactory)
01:00:26,849  INFO BeanSelectionProvider:42 - Choosing bean (struts) for (com.opensymphony.xwork2.util.PatternMatcher)
01:00:26,850  INFO BeanSelectionProvider:42 - Choosing bean (struts) for (org.apache.struts2.dispatcher.StaticContentLoader)
01:00:26,850  INFO BeanSelectionProvider:42 - Choosing bean (struts) for (com.opensymphony.xwork2.UnknownHandlerManager)
01:00:26,850  INFO BeanSelectionProvider:42 - Choosing bean (struts) for (org.apache.struts2.views.util.UrlHelper)
01:00:26,850  INFO BeanSelectionProvider:42 - Choosing bean (struts) for (com.opensymphony.xwork2.util.TextParser)
